<?xml version="1.0" encoding="UTF-8"?>
<!-- Generated by org.testng.reporters.JUnitReportReporter -->
<testsuite hostname="Sayanta" name="com.test.RestassuredAutomation.TC_GitHUbPost" tests="1" failures="0" timestamp="4 Jul 2022 15:52:22 GMT" time="2.267" errors="0">
  <testcase name="gitHubPost" time="2.267" classname="com.test.RestassuredAutomation.TC_GitHUbPost"/>
</testsuite> <!-- com.test.RestassuredAutomation.TC_GitHUbPost -->
