<?xml version="1.0" encoding="UTF-8"?>
<!-- Generated by org.testng.reporters.JUnitReportReporter -->
<testsuite hostname="Sayanta" name="com.test.RestassuredAutomation.TC_GitHubGet" tests="1" failures="0" timestamp="4 Jul 2022 15:43:46 GMT" time="2.276" errors="0">
  <testcase name="getRepo" time="2.276" classname="com.test.RestassuredAutomation.TC_GitHubGet"/>
</testsuite> <!-- com.test.RestassuredAutomation.TC_GitHubGet -->
