<?xml version="1.0" encoding="UTF-8"?>
<!-- Generated by org.testng.reporters.JUnitReportReporter -->
<testsuite hostname="Sayanta" name="com.test.RestassuredAutomation.Tc_02_Post" tests="1" failures="0" timestamp="10 Jul 2022 05:01:43 GMT" time="4.053" errors="0">
  <testcase name="postRequest" time="4.053" classname="com.test.RestassuredAutomation.Tc_02_Post"/>
</testsuite> <!-- com.test.RestassuredAutomation.Tc_02_Post -->
