<?xml version="1.0" encoding="UTF-8"?>
<!-- Generated by org.testng.reporters.JUnitReportReporter -->
<testsuite hostname="Sayanta" name="com.test.RestassuredAutomation.Tc_01_Get" tests="1" failures="0" timestamp="10 Jul 2022 03:43:35 GMT" time="5.288" errors="0">
  <testcase name="getResponse" time="5.288" classname="com.test.RestassuredAutomation.Tc_01_Get"/>
</testsuite> <!-- com.test.RestassuredAutomation.Tc_01_Get -->
