<?xml version="1.0" encoding="UTF-8"?>
<!-- Generated by org.testng.reporters.JUnitReportReporter -->
<testsuite hostname="W103H9JWP3" name="files.DynamicJson" tests="1" failures="0" timestamp="24 Aug 2022 05:27:35 GMT" time="2.385" errors="0">
  <testcase name="addBook" time="2.385" classname="files.DynamicJson"/>
</testsuite> <!-- files.DynamicJson -->
