<?xml version="1.0" encoding="UTF-8"?>
<!-- Generated by org.testng.reporters.JUnitReportReporter -->
<testsuite hostname="Sayanta" name="com.test.RestassuredAutomation.TC002_GetDemo" tests="1" failures="0" timestamp="4 Jul 2022 15:01:53 GMT" time="2.269" errors="0">
  <testcase name="getRepo" time="2.269" classname="com.test.RestassuredAutomation.TC002_GetDemo"/>
</testsuite> <!-- com.test.RestassuredAutomation.TC002_GetDemo -->
