<?xml version="1.0" encoding="UTF-8"?>
<!-- Generated by org.testng.reporters.JUnitReportReporter -->
<testsuite hostname="Sayanta" name="com.test.RestassuredAutomation.TC001_Get_Request" tests="1" failures="0" timestamp="3 Jul 2022 06:47:23 GMT" time="1.948" errors="0">
  <testcase name="getWeatherDetails" time="1.948" classname="com.test.RestassuredAutomation.TC001_Get_Request"/>
</testsuite> <!-- com.test.RestassuredAutomation.TC001_Get_Request -->
