<?xml version="1.0" encoding="UTF-8"?>
<!-- Generated by org.testng.reporters.JUnitReportReporter -->
<testsuite hostname="Sayanta" name="com.test.RestassuredAutomation.TC_GitHubDelete" tests="1" failures="0" timestamp="9 Jul 2022 17:52:39 GMT" time="2.365" errors="0">
  <testcase name="deleteRepo" time="2.365" classname="com.test.RestassuredAutomation.TC_GitHubDelete"/>
</testsuite> <!-- com.test.RestassuredAutomation.TC_GitHubDelete -->
