<?xml version="1.0" encoding="UTF-8"?>
<!-- Generated by org.testng.reporters.JUnitReportReporter -->
<testsuite hostname="Sayanta" name="com.test.RestassuredAutomation.TC_GitHubPatch" tests="1" failures="0" timestamp="4 Jul 2022 15:56:33 GMT" time="2.097" errors="0">
  <testcase name="gitHubPatch" time="2.097" classname="com.test.RestassuredAutomation.TC_GitHubPatch"/>
</testsuite> <!-- com.test.RestassuredAutomation.TC_GitHubPatch -->
